{"/Users/roeybiton/Desktop/Advanced-Topics-in-Web-Applications-ex2/src/app.ts": {"path":"/Users/roeybiton/Desktop/Advanced-Topics-in-Web-Applications-ex2/src/app.ts","statementMap":{"0":{"start":{"line":1,"column":0},"end":{"line":1,"column":28}},"1":{"start":{"line":2,"column":0},"end":{"line":2,"column":43}},"2":{"start":{"line":3,"column":0},"end":{"line":3,"column":37}},"3":{"start":{"line":4,"column":0},"end":{"line":4,"column":41}},"4":{"start":{"line":5,"column":0},"end":{"line":5,"column":43}},"5":{"start":{"line":6,"column":0},"end":{"line":6,"column":38}},"6":{"start":{"line":7,"column":0},"end":{"line":7,"column":46}},"7":{"start":{"line":8,"column":0},"end":{"line":8,"column":52}},"8":{"start":{"line":9,"column":0},"end":{"line":9,"column":46}},"9":{"start":{"line":10,"column":0},"end":{"line":10,"column":46}},"10":{"start":{"line":13,"column":0},"end":{"line":13,"column":36}},"11":{"start":{"line":15,"column":21},"end":{"line":15,"column":30}},"12":{"start":{"line":82,"column":9},"end":{"line":82,"column":12}},"13":{"start":{"line":18,"column":0},"end":{"line":18,"column":27}},"14":{"start":{"line":19,"column":0},"end":{"line":19,"column":51}},"15":{"start":{"line":22,"column":23},"end":{"line":50,"column":2}},"16":{"start":{"line":52,"column":20},"end":{"line":52,"column":48}},"17":{"start":{"line":53,"column":0},"end":{"line":53,"column":68}},"18":{"start":{"line":56,"column":0},"end":{"line":56,"column":29}},"19":{"start":{"line":57,"column":0},"end":{"line":57,"column":35}},"20":{"start":{"line":58,"column":0},"end":{"line":58,"column":29}},"21":{"start":{"line":59,"column":0},"end":{"line":59,"column":29}},"22":{"start":{"line":62,"column":0},"end":{"line":68,"column":3}},"23":{"start":{"line":63,"column":2},"end":{"line":67,"column":5}},"24":{"start":{"line":70,"column":0},"end":{"line":72,"column":1}},"25":{"start":{"line":71,"column":2},"end":{"line":71,"column":14}},"26":{"start":{"line":74,"column":0},"end":{"line":80,"column":1}},"27":{"start":{"line":75,"column":15},"end":{"line":75,"column":39}},"28":{"start":{"line":76,"column":2},"end":{"line":79,"column":5}},"29":{"start":{"line":77,"column":4},"end":{"line":77,"column":50}},"30":{"start":{"line":78,"column":4},"end":{"line":78,"column":88}}},"fnMap":{"0":{"name":"(anonymous_1)","decl":{"start":{"line":62,"column":13},"end":{"line":62,"column":14}},"loc":{"start":{"line":62,"column":26},"end":{"line":68,"column":1}}},"1":{"name":"(anonymous_2)","decl":{"start":{"line":76,"column":19},"end":{"line":76,"column":22}},"loc":{"start":{"line":76,"column":24},"end":{"line":79,"column":3}}}},"branchMap":{"0":{"loc":{"start":{"line":35,"column":33},"end":{"line":35,"column":57}},"type":"binary-expr","locations":[{"start":{"line":35,"column":33},"end":{"line":35,"column":49}},{"start":{"line":35,"column":53},"end":{"line":35,"column":57}}]},"1":{"loc":{"start":{"line":70,"column":0},"end":{"line":72,"column":1}},"type":"if","locations":[{"start":{"line":70,"column":0},"end":{"line":72,"column":1}}]},"2":{"loc":{"start":{"line":74,"column":0},"end":{"line":80,"column":1}},"type":"if","locations":[{"start":{"line":74,"column":0},"end":{"line":80,"column":1}}]},"3":{"loc":{"start":{"line":75,"column":15},"end":{"line":75,"column":39}},"type":"binary-expr","locations":[{"start":{"line":75,"column":15},"end":{"line":75,"column":31}},{"start":{"line":75,"column":35},"end":{"line":75,"column":39}}]}},"s":{"0":4,"1":4,"2":4,"3":4,"4":4,"5":4,"6":4,"7":4,"8":4,"9":4,"10":4,"11":4,"12":4,"13":4,"14":4,"15":4,"16":4,"17":4,"18":4,"19":4,"20":4,"21":4,"22":4,"23":0,"24":4,"25":0,"26":4,"27":0,"28":0,"29":0,"30":0},"f":{"0":0,"1":0},"b":{"0":[4,0],"1":[0],"2":[0],"3":[0,0]}}
,"/Users/roeybiton/Desktop/Advanced-Topics-in-Web-Applications-ex2/src/controllers/auth.controller.ts": {"path":"/Users/roeybiton/Desktop/Advanced-Topics-in-Web-Applications-ex2/src/controllers/auth.controller.ts","statementMap":{"0":{"start":{"line":2,"column":0},"end":{"line":2,"column":51}},"1":{"start":{"line":3,"column":0},"end":{"line":3,"column":28}},"2":{"start":{"line":4,"column":0},"end":{"line":4,"column":31}},"3":{"start":{"line":6,"column":28},"end":{"line":6,"column":89}},"4":{"start":{"line":7,"column":29},"end":{"line":7,"column":92}},"5":{"start":{"line":8,"column":32},"end":{"line":8,"column":37}},"6":{"start":{"line":9,"column":33},"end":{"line":9,"column":37}},"7":{"start":{"line":12,"column":23},"end":{"line":20,"column":1}},"8":{"start":{"line":13,"column":22},"end":{"line":15,"column":4}},"9":{"start":{"line":16,"column":23},"end":{"line":18,"column":4}},"10":{"start":{"line":19,"column":2},"end":{"line":19,"column":39}},"11":{"start":{"line":25,"column":24},"end":{"line":72,"column":1}},"12":{"start":{"line":26,"column":2},"end":{"line":71,"column":3}},"13":{"start":{"line":27,"column":42},"end":{"line":27,"column":50}},"14":{"start":{"line":30,"column":4},"end":{"line":33,"column":5}},"15":{"start":{"line":31,"column":6},"end":{"line":31,"column":67}},"16":{"start":{"line":32,"column":6},"end":{"line":32,"column":13}},"17":{"start":{"line":36,"column":25},"end":{"line":36,"column":79}},"18":{"start":{"line":37,"column":4},"end":{"line":40,"column":5}},"19":{"start":{"line":38,"column":6},"end":{"line":38,"column":91}},"20":{"start":{"line":39,"column":6},"end":{"line":39,"column":13}},"21":{"start":{"line":43,"column":27},"end":{"line":43,"column":58}},"22":{"start":{"line":46,"column":17},"end":{"line":50,"column":15}},"23":{"start":{"line":53,"column":42},"end":{"line":53,"column":77}},"24":{"start":{"line":56,"column":4},"end":{"line":56,"column":42}},"25":{"start":{"line":57,"column":4},"end":{"line":57,"column":22}},"26":{"start":{"line":59,"column":4},"end":{"line":68,"column":7}},"27":{"start":{"line":70,"column":4},"end":{"line":70,"column":53}},"28":{"start":{"line":25,"column":13},"end":{"line":25,"column":24}},"29":{"start":{"line":77,"column":21},"end":{"line":121,"column":1}},"30":{"start":{"line":78,"column":2},"end":{"line":120,"column":3}},"31":{"start":{"line":79,"column":32},"end":{"line":79,"column":40}},"32":{"start":{"line":82,"column":4},"end":{"line":85,"column":5}},"33":{"start":{"line":83,"column":6},"end":{"line":83,"column":75}},"34":{"start":{"line":84,"column":6},"end":{"line":84,"column":13}},"35":{"start":{"line":88,"column":17},"end":{"line":88,"column":46}},"36":{"start":{"line":89,"column":4},"end":{"line":92,"column":5}},"37":{"start":{"line":90,"column":6},"end":{"line":90,"column":63}},"38":{"start":{"line":91,"column":6},"end":{"line":91,"column":13}},"39":{"start":{"line":95,"column":28},"end":{"line":95,"column":73}},"40":{"start":{"line":96,"column":4},"end":{"line":99,"column":5}},"41":{"start":{"line":97,"column":6},"end":{"line":97,"column":63}},"42":{"start":{"line":98,"column":6},"end":{"line":98,"column":13}},"43":{"start":{"line":102,"column":42},"end":{"line":102,"column":88}},"44":{"start":{"line":105,"column":4},"end":{"line":105,"column":42}},"45":{"start":{"line":106,"column":4},"end":{"line":106,"column":22}},"46":{"start":{"line":108,"column":4},"end":{"line":117,"column":7}},"47":{"start":{"line":119,"column":4},"end":{"line":119,"column":53}},"48":{"start":{"line":77,"column":13},"end":{"line":77,"column":21}},"49":{"start":{"line":126,"column":22},"end":{"line":152,"column":1}},"50":{"start":{"line":127,"column":2},"end":{"line":151,"column":3}},"51":{"start":{"line":128,"column":29},"end":{"line":128,"column":37}},"52":{"start":{"line":130,"column":4},"end":{"line":133,"column":5}},"53":{"start":{"line":131,"column":6},"end":{"line":131,"column":69}},"54":{"start":{"line":132,"column":6},"end":{"line":132,"column":13}},"55":{"start":{"line":136,"column":20},"end":{"line":136,"column":85}},"56":{"start":{"line":139,"column":17},"end":{"line":139,"column":49}},"57":{"start":{"line":140,"column":4},"end":{"line":143,"column":5}},"58":{"start":{"line":141,"column":6},"end":{"line":141,"column":57}},"59":{"start":{"line":142,"column":6},"end":{"line":142,"column":13}},"60":{"start":{"line":145,"column":4},"end":{"line":145,"column":86}},"61":{"start":{"line":145,"column":62},"end":{"line":145,"column":84}},"62":{"start":{"line":146,"column":4},"end":{"line":146,"column":22}},"63":{"start":{"line":148,"column":4},"end":{"line":148,"column":59}},"64":{"start":{"line":150,"column":4},"end":{"line":150,"column":55}},"65":{"start":{"line":126,"column":13},"end":{"line":126,"column":22}},"66":{"start":{"line":157,"column":28},"end":{"line":191,"column":1}},"67":{"start":{"line":158,"column":2},"end":{"line":190,"column":3}},"68":{"start":{"line":159,"column":29},"end":{"line":159,"column":37}},"69":{"start":{"line":161,"column":4},"end":{"line":164,"column":5}},"70":{"start":{"line":162,"column":6},"end":{"line":162,"column":69}},"71":{"start":{"line":163,"column":6},"end":{"line":163,"column":13}},"72":{"start":{"line":167,"column":20},"end":{"line":167,"column":85}},"73":{"start":{"line":170,"column":17},"end":{"line":170,"column":49}},"74":{"start":{"line":171,"column":4},"end":{"line":174,"column":5}},"75":{"start":{"line":172,"column":6},"end":{"line":172,"column":65}},"76":{"start":{"line":173,"column":6},"end":{"line":173,"column":13}},"77":{"start":{"line":177,"column":59},"end":{"line":177,"column":105}},"78":{"start":{"line":180,"column":4},"end":{"line":180,"column":86}},"79":{"start":{"line":180,"column":62},"end":{"line":180,"column":84}},"80":{"start":{"line":181,"column":4},"end":{"line":181,"column":45}},"81":{"start":{"line":182,"column":4},"end":{"line":182,"column":22}},"82":{"start":{"line":184,"column":4},"end":{"line":187,"column":7}},"83":{"start":{"line":189,"column":4},"end":{"line":189,"column":55}},"84":{"start":{"line":157,"column":13},"end":{"line":157,"column":28}}},"fnMap":{"0":{"name":"(anonymous_1)","decl":{"start":{"line":12,"column":23},"end":{"line":12,"column":24}},"loc":{"start":{"line":12,"column":42},"end":{"line":20,"column":1}}},"1":{"name":"(anonymous_2)","decl":{"start":{"line":25,"column":24},"end":{"line":25,"column":29}},"loc":{"start":{"line":25,"column":77},"end":{"line":72,"column":1}}},"2":{"name":"(anonymous_3)","decl":{"start":{"line":77,"column":21},"end":{"line":77,"column":26}},"loc":{"start":{"line":77,"column":74},"end":{"line":121,"column":1}}},"3":{"name":"(anonymous_4)","decl":{"start":{"line":126,"column":22},"end":{"line":126,"column":27}},"loc":{"start":{"line":126,"column":75},"end":{"line":152,"column":1}}},"4":{"name":"(anonymous_5)","decl":{"start":{"line":145,"column":51},"end":{"line":145,"column":52}},"loc":{"start":{"line":145,"column":62},"end":{"line":145,"column":84}}},"5":{"name":"(anonymous_6)","decl":{"start":{"line":157,"column":28},"end":{"line":157,"column":33}},"loc":{"start":{"line":157,"column":81},"end":{"line":191,"column":1}}},"6":{"name":"(anonymous_7)","decl":{"start":{"line":180,"column":51},"end":{"line":180,"column":52}},"loc":{"start":{"line":180,"column":62},"end":{"line":180,"column":84}}}},"branchMap":{"0":{"loc":{"start":{"line":6,"column":28},"end":{"line":6,"column":89}},"type":"binary-expr","locations":[{"start":{"line":6,"column":28},"end":{"line":6,"column":59}},{"start":{"line":6,"column":63},"end":{"line":6,"column":89}}]},"1":{"loc":{"start":{"line":7,"column":29},"end":{"line":7,"column":92}},"type":"binary-expr","locations":[{"start":{"line":7,"column":29},"end":{"line":7,"column":61}},{"start":{"line":7,"column":65},"end":{"line":7,"column":92}}]},"2":{"loc":{"start":{"line":30,"column":4},"end":{"line":33,"column":5}},"type":"if","locations":[{"start":{"line":30,"column":4},"end":{"line":33,"column":5}}]},"3":{"loc":{"start":{"line":30,"column":8},"end":{"line":30,"column":40}},"type":"binary-expr","locations":[{"start":{"line":30,"column":8},"end":{"line":30,"column":17}},{"start":{"line":30,"column":21},"end":{"line":30,"column":27}},{"start":{"line":30,"column":31},"end":{"line":30,"column":40}}]},"4":{"loc":{"start":{"line":37,"column":4},"end":{"line":40,"column":5}},"type":"if","locations":[{"start":{"line":37,"column":4},"end":{"line":40,"column":5}}]},"5":{"loc":{"start":{"line":82,"column":4},"end":{"line":85,"column":5}},"type":"if","locations":[{"start":{"line":82,"column":4},"end":{"line":85,"column":5}}]},"6":{"loc":{"start":{"line":82,"column":8},"end":{"line":82,"column":27}},"type":"binary-expr","locations":[{"start":{"line":82,"column":8},"end":{"line":82,"column":14}},{"start":{"line":82,"column":18},"end":{"line":82,"column":27}}]},"7":{"loc":{"start":{"line":89,"column":4},"end":{"line":92,"column":5}},"type":"if","locations":[{"start":{"line":89,"column":4},"end":{"line":92,"column":5}}]},"8":{"loc":{"start":{"line":96,"column":4},"end":{"line":99,"column":5}},"type":"if","locations":[{"start":{"line":96,"column":4},"end":{"line":99,"column":5}}]},"9":{"loc":{"start":{"line":130,"column":4},"end":{"line":133,"column":5}},"type":"if","locations":[{"start":{"line":130,"column":4},"end":{"line":133,"column":5}}]},"10":{"loc":{"start":{"line":140,"column":4},"end":{"line":143,"column":5}},"type":"if","locations":[{"start":{"line":140,"column":4},"end":{"line":143,"column":5}}]},"11":{"loc":{"start":{"line":161,"column":4},"end":{"line":164,"column":5}},"type":"if","locations":[{"start":{"line":161,"column":4},"end":{"line":164,"column":5}}]},"12":{"loc":{"start":{"line":171,"column":4},"end":{"line":174,"column":5}},"type":"if","locations":[{"start":{"line":171,"column":4},"end":{"line":174,"column":5}}]},"13":{"loc":{"start":{"line":171,"column":8},"end":{"line":171,"column":59}},"type":"binary-expr","locations":[{"start":{"line":171,"column":8},"end":{"line":171,"column":13}},{"start":{"line":171,"column":17},"end":{"line":171,"column":59}}]}},"s":{"0":4,"1":4,"2":4,"3":4,"4":4,"5":4,"6":4,"7":4,"8":60,"9":60,"10":60,"11":4,"12":61,"13":61,"14":61,"15":1,"16":1,"17":60,"18":60,"19":2,"20":2,"21":58,"22":58,"23":58,"24":58,"25":58,"26":58,"27":0,"28":4,"29":4,"30":3,"31":3,"32":3,"33":0,"34":0,"35":3,"36":3,"37":1,"38":1,"39":2,"40":2,"41":1,"42":1,"43":1,"44":1,"45":1,"46":1,"47":0,"48":4,"49":4,"50":2,"51":2,"52":2,"53":0,"54":0,"55":2,"56":1,"57":1,"58":0,"59":0,"60":1,"61":1,"62":1,"63":1,"64":1,"65":4,"66":4,"67":3,"68":3,"69":3,"70":1,"71":1,"72":2,"73":1,"74":1,"75":0,"76":0,"77":1,"78":1,"79":1,"80":1,"81":1,"82":1,"83":1,"84":4},"f":{"0":60,"1":61,"2":3,"3":2,"4":1,"5":3,"6":1},"b":{"0":[4,4],"1":[4,4],"2":[1],"3":[61,61,60],"4":[2],"5":[0],"6":[3,3],"7":[1],"8":[1],"9":[0],"10":[0],"11":[1],"12":[0],"13":[1,1]}}
,"/Users/roeybiton/Desktop/Advanced-Topics-in-Web-Applications-ex2/src/controllers/comment.controller.ts": {"path":"/Users/roeybiton/Desktop/Advanced-Topics-in-Web-Applications-ex2/src/controllers/comment.controller.ts","statementMap":{"0":{"start":{"line":2,"column":0},"end":{"line":2,"column":46}},"1":{"start":{"line":5,"column":30},"end":{"line":18,"column":1}},"2":{"start":{"line":6,"column":2},"end":{"line":17,"column":3}},"3":{"start":{"line":7,"column":24},"end":{"line":7,"column":26}},"4":{"start":{"line":8,"column":4},"end":{"line":10,"column":5}},"5":{"start":{"line":9,"column":6},"end":{"line":9,"column":39}},"6":{"start":{"line":11,"column":21},"end":{"line":13,"column":34}},"7":{"start":{"line":14,"column":4},"end":{"line":14,"column":35}},"8":{"start":{"line":16,"column":4},"end":{"line":16,"column":53}},"9":{"start":{"line":5,"column":13},"end":{"line":5,"column":30}},"10":{"start":{"line":20,"column":35},"end":{"line":28,"column":1}},"11":{"start":{"line":21,"column":2},"end":{"line":27,"column":3}},"12":{"start":{"line":22,"column":21},"end":{"line":23,"column":43}},"13":{"start":{"line":24,"column":4},"end":{"line":24,"column":35}},"14":{"start":{"line":26,"column":4},"end":{"line":26,"column":53}},"15":{"start":{"line":20,"column":13},"end":{"line":20,"column":35}},"16":{"start":{"line":30,"column":29},"end":{"line":54,"column":1}},"17":{"start":{"line":31,"column":2},"end":{"line":53,"column":3}},"18":{"start":{"line":32,"column":32},"end":{"line":32,"column":40}},"19":{"start":{"line":33,"column":19},"end":{"line":33,"column":32}},"20":{"start":{"line":35,"column":4},"end":{"line":38,"column":5}},"21":{"start":{"line":36,"column":6},"end":{"line":36,"column":56}},"22":{"start":{"line":37,"column":6},"end":{"line":37,"column":13}},"23":{"start":{"line":40,"column":20},"end":{"line":44,"column":6}},"24":{"start":{"line":46,"column":29},"end":{"line":48,"column":34}},"25":{"start":{"line":50,"column":4},"end":{"line":50,"column":43}},"26":{"start":{"line":52,"column":4},"end":{"line":52,"column":53}},"27":{"start":{"line":30,"column":13},"end":{"line":30,"column":29}},"28":{"start":{"line":56,"column":29},"end":{"line":72,"column":1}},"29":{"start":{"line":57,"column":2},"end":{"line":71,"column":3}},"30":{"start":{"line":58,"column":27},"end":{"line":62,"column":42}},"31":{"start":{"line":64,"column":4},"end":{"line":67,"column":5}},"32":{"start":{"line":65,"column":6},"end":{"line":65,"column":61}},"33":{"start":{"line":66,"column":6},"end":{"line":66,"column":13}},"34":{"start":{"line":68,"column":4},"end":{"line":68,"column":41}},"35":{"start":{"line":70,"column":4},"end":{"line":70,"column":53}},"36":{"start":{"line":56,"column":13},"end":{"line":56,"column":29}},"37":{"start":{"line":74,"column":30},"end":{"line":88,"column":1}},"38":{"start":{"line":75,"column":2},"end":{"line":87,"column":3}},"39":{"start":{"line":76,"column":20},"end":{"line":78,"column":34}},"40":{"start":{"line":80,"column":4},"end":{"line":83,"column":5}},"41":{"start":{"line":81,"column":6},"end":{"line":81,"column":61}},"42":{"start":{"line":82,"column":6},"end":{"line":82,"column":13}},"43":{"start":{"line":84,"column":4},"end":{"line":84,"column":34}},"44":{"start":{"line":86,"column":4},"end":{"line":86,"column":53}},"45":{"start":{"line":74,"column":13},"end":{"line":74,"column":30}},"46":{"start":{"line":90,"column":29},"end":{"line":101,"column":1}},"47":{"start":{"line":91,"column":2},"end":{"line":100,"column":3}},"48":{"start":{"line":92,"column":19},"end":{"line":92,"column":65}},"49":{"start":{"line":93,"column":4},"end":{"line":96,"column":5}},"50":{"start":{"line":94,"column":6},"end":{"line":94,"column":61}},"51":{"start":{"line":95,"column":6},"end":{"line":95,"column":13}},"52":{"start":{"line":97,"column":4},"end":{"line":97,"column":57}},"53":{"start":{"line":99,"column":4},"end":{"line":99,"column":53}},"54":{"start":{"line":90,"column":13},"end":{"line":90,"column":29}}},"fnMap":{"0":{"name":"(anonymous_1)","decl":{"start":{"line":5,"column":30},"end":{"line":5,"column":35}},"loc":{"start":{"line":5,"column":83},"end":{"line":18,"column":1}}},"1":{"name":"(anonymous_2)","decl":{"start":{"line":20,"column":35},"end":{"line":20,"column":40}},"loc":{"start":{"line":20,"column":88},"end":{"line":28,"column":1}}},"2":{"name":"(anonymous_3)","decl":{"start":{"line":30,"column":29},"end":{"line":30,"column":34}},"loc":{"start":{"line":30,"column":86},"end":{"line":54,"column":1}}},"3":{"name":"(anonymous_4)","decl":{"start":{"line":56,"column":29},"end":{"line":56,"column":34}},"loc":{"start":{"line":56,"column":82},"end":{"line":72,"column":1}}},"4":{"name":"(anonymous_5)","decl":{"start":{"line":74,"column":30},"end":{"line":74,"column":35}},"loc":{"start":{"line":74,"column":83},"end":{"line":88,"column":1}}},"5":{"name":"(anonymous_6)","decl":{"start":{"line":90,"column":29},"end":{"line":90,"column":34}},"loc":{"start":{"line":90,"column":82},"end":{"line":101,"column":1}}}},"branchMap":{"0":{"loc":{"start":{"line":8,"column":4},"end":{"line":10,"column":5}},"type":"if","locations":[{"start":{"line":8,"column":4},"end":{"line":10,"column":5}}]},"1":{"loc":{"start":{"line":35,"column":4},"end":{"line":38,"column":5}},"type":"if","locations":[{"start":{"line":35,"column":4},"end":{"line":38,"column":5}}]},"2":{"loc":{"start":{"line":64,"column":4},"end":{"line":67,"column":5}},"type":"if","locations":[{"start":{"line":64,"column":4},"end":{"line":67,"column":5}}]},"3":{"loc":{"start":{"line":80,"column":4},"end":{"line":83,"column":5}},"type":"if","locations":[{"start":{"line":80,"column":4},"end":{"line":83,"column":5}}]},"4":{"loc":{"start":{"line":93,"column":4},"end":{"line":96,"column":5}},"type":"if","locations":[{"start":{"line":93,"column":4},"end":{"line":96,"column":5}}]}},"s":{"0":4,"1":4,"2":2,"3":2,"4":2,"5":1,"6":2,"7":2,"8":0,"9":4,"10":4,"11":2,"12":2,"13":2,"14":0,"15":4,"16":4,"17":15,"18":15,"19":15,"20":15,"21":0,"22":0,"23":15,"24":14,"25":14,"26":1,"27":4,"28":4,"29":3,"30":3,"31":3,"32":2,"33":2,"34":1,"35":0,"36":4,"37":4,"38":3,"39":3,"40":2,"41":1,"42":1,"43":1,"44":1,"45":4,"46":4,"47":2,"48":2,"49":2,"50":1,"51":1,"52":1,"53":0,"54":4},"f":{"0":2,"1":2,"2":15,"3":3,"4":3,"5":2},"b":{"0":[1],"1":[0],"2":[2],"3":[1],"4":[1]}}
,"/Users/roeybiton/Desktop/Advanced-Topics-in-Web-Applications-ex2/src/controllers/post.controller.ts": {"path":"/Users/roeybiton/Desktop/Advanced-Topics-in-Web-Applications-ex2/src/controllers/post.controller.ts","statementMap":{"0":{"start":{"line":2,"column":0},"end":{"line":2,"column":40}},"1":{"start":{"line":5,"column":27},"end":{"line":17,"column":1}},"2":{"start":{"line":6,"column":23},"end":{"line":6,"column":49}},"3":{"start":{"line":7,"column":2},"end":{"line":16,"column":3}},"4":{"start":{"line":8,"column":24},"end":{"line":8,"column":26}},"5":{"start":{"line":9,"column":4},"end":{"line":11,"column":5}},"6":{"start":{"line":10,"column":6},"end":{"line":10,"column":35}},"7":{"start":{"line":12,"column":18},"end":{"line":12,"column":78}},"8":{"start":{"line":13,"column":4},"end":{"line":13,"column":32}},"9":{"start":{"line":15,"column":4},"end":{"line":15,"column":53}},"10":{"start":{"line":5,"column":13},"end":{"line":5,"column":27}},"11":{"start":{"line":19,"column":26},"end":{"line":40,"column":1}},"12":{"start":{"line":20,"column":2},"end":{"line":39,"column":3}},"13":{"start":{"line":21,"column":31},"end":{"line":21,"column":39}},"14":{"start":{"line":22,"column":19},"end":{"line":22,"column":32}},"15":{"start":{"line":24,"column":4},"end":{"line":27,"column":5}},"16":{"start":{"line":25,"column":6},"end":{"line":25,"column":56}},"17":{"start":{"line":26,"column":6},"end":{"line":26,"column":13}},"18":{"start":{"line":29,"column":17},"end":{"line":33,"column":6}},"19":{"start":{"line":35,"column":26},"end":{"line":35,"column":92}},"20":{"start":{"line":36,"column":4},"end":{"line":36,"column":40}},"21":{"start":{"line":38,"column":4},"end":{"line":38,"column":53}},"22":{"start":{"line":19,"column":13},"end":{"line":19,"column":26}},"23":{"start":{"line":42,"column":26},"end":{"line":54,"column":1}},"24":{"start":{"line":43,"column":17},"end":{"line":43,"column":30}},"25":{"start":{"line":44,"column":2},"end":{"line":53,"column":3}},"26":{"start":{"line":45,"column":17},"end":{"line":45,"column":53}},"27":{"start":{"line":46,"column":4},"end":{"line":49,"column":5}},"28":{"start":{"line":47,"column":6},"end":{"line":47,"column":58}},"29":{"start":{"line":48,"column":6},"end":{"line":48,"column":13}},"30":{"start":{"line":50,"column":4},"end":{"line":50,"column":85}},"31":{"start":{"line":52,"column":4},"end":{"line":52,"column":83}},"32":{"start":{"line":42,"column":13},"end":{"line":42,"column":26}},"33":{"start":{"line":56,"column":27},"end":{"line":68,"column":1}},"34":{"start":{"line":57,"column":17},"end":{"line":57,"column":30}},"35":{"start":{"line":58,"column":2},"end":{"line":67,"column":3}},"36":{"start":{"line":59,"column":17},"end":{"line":59,"column":81}},"37":{"start":{"line":60,"column":4},"end":{"line":63,"column":5}},"38":{"start":{"line":61,"column":6},"end":{"line":61,"column":58}},"39":{"start":{"line":62,"column":6},"end":{"line":62,"column":13}},"40":{"start":{"line":64,"column":4},"end":{"line":64,"column":31}},"41":{"start":{"line":66,"column":4},"end":{"line":66,"column":53}},"42":{"start":{"line":56,"column":13},"end":{"line":56,"column":27}},"43":{"start":{"line":70,"column":26},"end":{"line":88,"column":1}},"44":{"start":{"line":71,"column":17},"end":{"line":71,"column":30}},"45":{"start":{"line":72,"column":19},"end":{"line":72,"column":27}},"46":{"start":{"line":74,"column":2},"end":{"line":87,"column":3}},"47":{"start":{"line":75,"column":17},"end":{"line":78,"column":43}},"48":{"start":{"line":80,"column":4},"end":{"line":83,"column":5}},"49":{"start":{"line":81,"column":6},"end":{"line":81,"column":58}},"50":{"start":{"line":82,"column":6},"end":{"line":82,"column":13}},"51":{"start":{"line":84,"column":4},"end":{"line":84,"column":31}},"52":{"start":{"line":86,"column":4},"end":{"line":86,"column":53}},"53":{"start":{"line":70,"column":13},"end":{"line":70,"column":26}}},"fnMap":{"0":{"name":"(anonymous_1)","decl":{"start":{"line":5,"column":27},"end":{"line":5,"column":32}},"loc":{"start":{"line":5,"column":80},"end":{"line":17,"column":1}}},"1":{"name":"(anonymous_2)","decl":{"start":{"line":19,"column":26},"end":{"line":19,"column":31}},"loc":{"start":{"line":19,"column":83},"end":{"line":40,"column":1}}},"2":{"name":"(anonymous_3)","decl":{"start":{"line":42,"column":26},"end":{"line":42,"column":31}},"loc":{"start":{"line":42,"column":79},"end":{"line":54,"column":1}}},"3":{"name":"(anonymous_4)","decl":{"start":{"line":56,"column":27},"end":{"line":56,"column":32}},"loc":{"start":{"line":56,"column":80},"end":{"line":68,"column":1}}},"4":{"name":"(anonymous_5)","decl":{"start":{"line":70,"column":26},"end":{"line":70,"column":31}},"loc":{"start":{"line":70,"column":79},"end":{"line":88,"column":1}}}},"branchMap":{"0":{"loc":{"start":{"line":9,"column":4},"end":{"line":11,"column":5}},"type":"if","locations":[{"start":{"line":9,"column":4},"end":{"line":11,"column":5}}]},"1":{"loc":{"start":{"line":24,"column":4},"end":{"line":27,"column":5}},"type":"if","locations":[{"start":{"line":24,"column":4},"end":{"line":27,"column":5}}]},"2":{"loc":{"start":{"line":46,"column":4},"end":{"line":49,"column":5}},"type":"if","locations":[{"start":{"line":46,"column":4},"end":{"line":49,"column":5}}]},"3":{"loc":{"start":{"line":60,"column":4},"end":{"line":63,"column":5}},"type":"if","locations":[{"start":{"line":60,"column":4},"end":{"line":63,"column":5}}]},"4":{"loc":{"start":{"line":80,"column":4},"end":{"line":83,"column":5}},"type":"if","locations":[{"start":{"line":80,"column":4},"end":{"line":83,"column":5}}]}},"s":{"0":4,"1":4,"2":2,"3":2,"4":2,"5":2,"6":1,"7":2,"8":2,"9":0,"10":4,"11":4,"12":31,"13":31,"14":31,"15":31,"16":0,"17":0,"18":31,"19":30,"20":30,"21":1,"22":4,"23":4,"24":2,"25":2,"26":2,"27":2,"28":1,"29":1,"30":1,"31":0,"32":4,"33":4,"34":3,"35":3,"36":3,"37":2,"38":1,"39":1,"40":1,"41":1,"42":4,"43":4,"44":3,"45":3,"46":3,"47":3,"48":3,"49":2,"50":2,"51":1,"52":0,"53":4},"f":{"0":2,"1":31,"2":2,"3":3,"4":3},"b":{"0":[1],"1":[0],"2":[1],"3":[1],"4":[2]}}
,"/Users/roeybiton/Desktop/Advanced-Topics-in-Web-Applications-ex2/src/controllers/user.controller.ts": {"path":"/Users/roeybiton/Desktop/Advanced-Topics-in-Web-Applications-ex2/src/controllers/user.controller.ts","statementMap":{"0":{"start":{"line":2,"column":0},"end":{"line":2,"column":51}},"1":{"start":{"line":8,"column":27},"end":{"line":15,"column":1}},"2":{"start":{"line":9,"column":2},"end":{"line":14,"column":3}},"3":{"start":{"line":10,"column":18},"end":{"line":10,"column":70}},"4":{"start":{"line":11,"column":4},"end":{"line":11,"column":32}},"5":{"start":{"line":13,"column":4},"end":{"line":13,"column":53}},"6":{"start":{"line":8,"column":13},"end":{"line":8,"column":27}},"7":{"start":{"line":20,"column":27},"end":{"line":31,"column":1}},"8":{"start":{"line":21,"column":2},"end":{"line":30,"column":3}},"9":{"start":{"line":22,"column":17},"end":{"line":22,"column":86}},"10":{"start":{"line":23,"column":4},"end":{"line":26,"column":5}},"11":{"start":{"line":24,"column":6},"end":{"line":24,"column":58}},"12":{"start":{"line":25,"column":6},"end":{"line":25,"column":13}},"13":{"start":{"line":27,"column":4},"end":{"line":27,"column":31}},"14":{"start":{"line":29,"column":4},"end":{"line":29,"column":53}},"15":{"start":{"line":20,"column":13},"end":{"line":20,"column":27}},"16":{"start":{"line":36,"column":26},"end":{"line":62,"column":1}},"17":{"start":{"line":37,"column":2},"end":{"line":61,"column":3}},"18":{"start":{"line":38,"column":19},"end":{"line":38,"column":32}},"19":{"start":{"line":39,"column":32},"end":{"line":39,"column":40}},"20":{"start":{"line":42,"column":4},"end":{"line":45,"column":5}},"21":{"start":{"line":43,"column":6},"end":{"line":43,"column":80}},"22":{"start":{"line":44,"column":6},"end":{"line":44,"column":13}},"23":{"start":{"line":47,"column":24},"end":{"line":51,"column":40}},"24":{"start":{"line":53,"column":4},"end":{"line":56,"column":5}},"25":{"start":{"line":54,"column":6},"end":{"line":54,"column":58}},"26":{"start":{"line":55,"column":6},"end":{"line":55,"column":13}},"27":{"start":{"line":58,"column":4},"end":{"line":58,"column":38}},"28":{"start":{"line":60,"column":4},"end":{"line":60,"column":53}},"29":{"start":{"line":36,"column":13},"end":{"line":36,"column":26}},"30":{"start":{"line":67,"column":26},"end":{"line":87,"column":1}},"31":{"start":{"line":68,"column":2},"end":{"line":86,"column":3}},"32":{"start":{"line":69,"column":19},"end":{"line":69,"column":32}},"33":{"start":{"line":72,"column":4},"end":{"line":75,"column":5}},"34":{"start":{"line":73,"column":6},"end":{"line":73,"column":80}},"35":{"start":{"line":74,"column":6},"end":{"line":74,"column":13}},"36":{"start":{"line":77,"column":24},"end":{"line":77,"column":60}},"37":{"start":{"line":78,"column":4},"end":{"line":81,"column":5}},"38":{"start":{"line":79,"column":6},"end":{"line":79,"column":58}},"39":{"start":{"line":80,"column":6},"end":{"line":80,"column":13}},"40":{"start":{"line":83,"column":4},"end":{"line":83,"column":67}},"41":{"start":{"line":85,"column":4},"end":{"line":85,"column":53}},"42":{"start":{"line":67,"column":13},"end":{"line":67,"column":26}},"43":{"start":{"line":92,"column":26},"end":{"line":103,"column":1}},"44":{"start":{"line":93,"column":2},"end":{"line":102,"column":3}},"45":{"start":{"line":94,"column":17},"end":{"line":94,"column":86}},"46":{"start":{"line":95,"column":4},"end":{"line":98,"column":5}},"47":{"start":{"line":96,"column":6},"end":{"line":96,"column":58}},"48":{"start":{"line":97,"column":6},"end":{"line":97,"column":13}},"49":{"start":{"line":99,"column":4},"end":{"line":99,"column":31}},"50":{"start":{"line":101,"column":4},"end":{"line":101,"column":53}},"51":{"start":{"line":92,"column":13},"end":{"line":92,"column":26}}},"fnMap":{"0":{"name":"(anonymous_1)","decl":{"start":{"line":8,"column":27},"end":{"line":8,"column":32}},"loc":{"start":{"line":8,"column":80},"end":{"line":15,"column":1}}},"1":{"name":"(anonymous_2)","decl":{"start":{"line":20,"column":27},"end":{"line":20,"column":32}},"loc":{"start":{"line":20,"column":80},"end":{"line":31,"column":1}}},"2":{"name":"(anonymous_3)","decl":{"start":{"line":36,"column":26},"end":{"line":36,"column":31}},"loc":{"start":{"line":36,"column":83},"end":{"line":62,"column":1}}},"3":{"name":"(anonymous_4)","decl":{"start":{"line":67,"column":26},"end":{"line":67,"column":31}},"loc":{"start":{"line":67,"column":83},"end":{"line":87,"column":1}}},"4":{"name":"(anonymous_5)","decl":{"start":{"line":92,"column":26},"end":{"line":92,"column":31}},"loc":{"start":{"line":92,"column":83},"end":{"line":103,"column":1}}}},"branchMap":{"0":{"loc":{"start":{"line":23,"column":4},"end":{"line":26,"column":5}},"type":"if","locations":[{"start":{"line":23,"column":4},"end":{"line":26,"column":5}}]},"1":{"loc":{"start":{"line":42,"column":4},"end":{"line":45,"column":5}},"type":"if","locations":[{"start":{"line":42,"column":4},"end":{"line":45,"column":5}}]},"2":{"loc":{"start":{"line":42,"column":8},"end":{"line":42,"column":65}},"type":"binary-expr","locations":[{"start":{"line":42,"column":8},"end":{"line":42,"column":16}},{"start":{"line":42,"column":21},"end":{"line":42,"column":65}}]},"3":{"loc":{"start":{"line":53,"column":4},"end":{"line":56,"column":5}},"type":"if","locations":[{"start":{"line":53,"column":4},"end":{"line":56,"column":5}}]},"4":{"loc":{"start":{"line":72,"column":4},"end":{"line":75,"column":5}},"type":"if","locations":[{"start":{"line":72,"column":4},"end":{"line":75,"column":5}}]},"5":{"loc":{"start":{"line":72,"column":8},"end":{"line":72,"column":65}},"type":"binary-expr","locations":[{"start":{"line":72,"column":8},"end":{"line":72,"column":16}},{"start":{"line":72,"column":21},"end":{"line":72,"column":65}}]},"6":{"loc":{"start":{"line":78,"column":4},"end":{"line":81,"column":5}},"type":"if","locations":[{"start":{"line":78,"column":4},"end":{"line":81,"column":5}}]},"7":{"loc":{"start":{"line":95,"column":4},"end":{"line":98,"column":5}},"type":"if","locations":[{"start":{"line":95,"column":4},"end":{"line":98,"column":5}}]}},"s":{"0":4,"1":4,"2":1,"3":1,"4":1,"5":0,"6":4,"7":4,"8":3,"9":3,"10":2,"11":1,"12":1,"13":1,"14":1,"15":4,"16":4,"17":3,"18":3,"19":3,"20":3,"21":2,"22":2,"23":1,"24":1,"25":0,"26":0,"27":1,"28":0,"29":4,"30":4,"31":3,"32":3,"33":3,"34":2,"35":2,"36":1,"37":1,"38":0,"39":0,"40":1,"41":0,"42":4,"43":4,"44":1,"45":1,"46":1,"47":0,"48":0,"49":1,"50":0,"51":4},"f":{"0":1,"1":3,"2":3,"3":3,"4":1},"b":{"0":[1],"1":[2],"2":[3,3],"3":[0],"4":[2],"5":[3,3],"6":[0],"7":[0]}}
,"/Users/roeybiton/Desktop/Advanced-Topics-in-Web-Applications-ex2/src/database/db.ts": {"path":"/Users/roeybiton/Desktop/Advanced-Topics-in-Web-Applications-ex2/src/database/db.ts","statementMap":{"0":{"start":{"line":1,"column":0},"end":{"line":1,"column":32}},"1":{"start":{"line":3,"column":25},"end":{"line":16,"column":1}},"2":{"start":{"line":4,"column":2},"end":{"line":15,"column":3}},"3":{"start":{"line":5,"column":21},"end":{"line":5,"column":51}},"4":{"start":{"line":6,"column":4},"end":{"line":8,"column":5}},"5":{"start":{"line":7,"column":6},"end":{"line":7,"column":77}},"6":{"start":{"line":10,"column":4},"end":{"line":10,"column":37}},"7":{"start":{"line":11,"column":4},"end":{"line":11,"column":50}},"8":{"start":{"line":13,"column":4},"end":{"line":13,"column":60}},"9":{"start":{"line":14,"column":4},"end":{"line":14,"column":20}},"10":{"start":{"line":3,"column":13},"end":{"line":3,"column":25}},"11":{"start":{"line":18,"column":0},"end":{"line":18,"column":25}}},"fnMap":{"0":{"name":"(anonymous_1)","decl":{"start":{"line":3,"column":25},"end":{"line":3,"column":30}},"loc":{"start":{"line":3,"column":63},"end":{"line":16,"column":1}}}},"branchMap":{"0":{"loc":{"start":{"line":5,"column":21},"end":{"line":5,"column":51}},"type":"binary-expr","locations":[{"start":{"line":5,"column":21},"end":{"line":5,"column":24}},{"start":{"line":5,"column":28},"end":{"line":5,"column":51}}]},"1":{"loc":{"start":{"line":6,"column":4},"end":{"line":8,"column":5}},"type":"if","locations":[{"start":{"line":6,"column":4},"end":{"line":8,"column":5}}]}},"s":{"0":4,"1":4,"2":0,"3":0,"4":0,"5":0,"6":0,"7":0,"8":0,"9":0,"10":4,"11":4},"f":{"0":0},"b":{"0":[0,0],"1":[0]}}
,"/Users/roeybiton/Desktop/Advanced-Topics-in-Web-Applications-ex2/src/middleware/auth.middleware.ts": {"path":"/Users/roeybiton/Desktop/Advanced-Topics-in-Web-Applications-ex2/src/middleware/auth.middleware.ts","statementMap":{"0":{"start":{"line":2,"column":0},"end":{"line":2,"column":31}},"1":{"start":{"line":3,"column":0},"end":{"line":3,"column":51}},"2":{"start":{"line":5,"column":28},"end":{"line":5,"column":89}},"3":{"start":{"line":13,"column":30},"end":{"line":44,"column":1}},"4":{"start":{"line":18,"column":2},"end":{"line":43,"column":3}},"5":{"start":{"line":19,"column":23},"end":{"line":19,"column":48}},"6":{"start":{"line":21,"column":4},"end":{"line":24,"column":5}},"7":{"start":{"line":22,"column":6},"end":{"line":22,"column":61}},"8":{"start":{"line":23,"column":6},"end":{"line":23,"column":13}},"9":{"start":{"line":26,"column":18},"end":{"line":26,"column":41}},"10":{"start":{"line":29,"column":20},"end":{"line":29,"column":77}},"11":{"start":{"line":32,"column":17},"end":{"line":32,"column":49}},"12":{"start":{"line":33,"column":4},"end":{"line":36,"column":5}},"13":{"start":{"line":34,"column":6},"end":{"line":34,"column":57}},"14":{"start":{"line":35,"column":6},"end":{"line":35,"column":13}},"15":{"start":{"line":39,"column":4},"end":{"line":39,"column":20}},"16":{"start":{"line":40,"column":4},"end":{"line":40,"column":11}},"17":{"start":{"line":42,"column":4},"end":{"line":42,"column":55}},"18":{"start":{"line":13,"column":13},"end":{"line":13,"column":30}}},"fnMap":{"0":{"name":"(anonymous_1)","decl":{"start":{"line":13,"column":30},"end":{"line":13,"column":35}},"loc":{"start":{"line":17,"column":19},"end":{"line":44,"column":1}}}},"branchMap":{"0":{"loc":{"start":{"line":5,"column":28},"end":{"line":5,"column":89}},"type":"binary-expr","locations":[{"start":{"line":5,"column":28},"end":{"line":5,"column":59}},{"start":{"line":5,"column":63},"end":{"line":5,"column":89}}]},"1":{"loc":{"start":{"line":21,"column":4},"end":{"line":24,"column":5}},"type":"if","locations":[{"start":{"line":21,"column":4},"end":{"line":24,"column":5}}]},"2":{"loc":{"start":{"line":21,"column":8},"end":{"line":21,"column":56}},"type":"binary-expr","locations":[{"start":{"line":21,"column":8},"end":{"line":21,"column":19}},{"start":{"line":21,"column":23},"end":{"line":21,"column":56}}]},"3":{"loc":{"start":{"line":33,"column":4},"end":{"line":36,"column":5}},"type":"if","locations":[{"start":{"line":33,"column":4},"end":{"line":36,"column":5}}]}},"s":{"0":4,"1":4,"2":4,"3":4,"4":72,"5":72,"6":72,"7":9,"8":9,"9":63,"10":63,"11":63,"12":63,"13":0,"14":0,"15":63,"16":63,"17":0,"18":4},"f":{"0":72},"b":{"0":[4,4],"1":[9],"2":[72,63],"3":[0]}}
,"/Users/roeybiton/Desktop/Advanced-Topics-in-Web-Applications-ex2/src/models/comment.model.ts": {"path":"/Users/roeybiton/Desktop/Advanced-Topics-in-Web-Applications-ex2/src/models/comment.model.ts","statementMap":{"0":{"start":{"line":1,"column":0},"end":{"line":1,"column":54}},"1":{"start":{"line":11,"column":22},"end":{"line":28,"column":null}},"2":{"start":{"line":31,"column":16},"end":{"line":31,"column":66}},"3":{"start":{"line":33,"column":0},"end":{"line":33,"column":23}}},"fnMap":{},"branchMap":{},"s":{"0":4,"1":4,"2":4,"3":4},"f":{},"b":{}}
,"/Users/roeybiton/Desktop/Advanced-Topics-in-Web-Applications-ex2/src/models/post.model.ts": {"path":"/Users/roeybiton/Desktop/Advanced-Topics-in-Web-Applications-ex2/src/models/post.model.ts","statementMap":{"0":{"start":{"line":1,"column":0},"end":{"line":1,"column":54}},"1":{"start":{"line":9,"column":19},"end":{"line":24,"column":2}},"2":{"start":{"line":26,"column":13},"end":{"line":26,"column":54}},"3":{"start":{"line":28,"column":0},"end":{"line":28,"column":20}}},"fnMap":{},"branchMap":{},"s":{"0":4,"1":4,"2":4,"3":4},"f":{},"b":{}}
,"/Users/roeybiton/Desktop/Advanced-Topics-in-Web-Applications-ex2/src/models/user.model.ts": {"path":"/Users/roeybiton/Desktop/Advanced-Topics-in-Web-Applications-ex2/src/models/user.model.ts","statementMap":{"0":{"start":{"line":1,"column":0},"end":{"line":1,"column":61}},"1":{"start":{"line":11,"column":19},"end":{"line":38,"column":null}},"2":{"start":{"line":41,"column":13},"end":{"line":41,"column":54}},"3":{"start":{"line":43,"column":0},"end":{"line":43,"column":20}}},"fnMap":{},"branchMap":{},"s":{"0":4,"1":4,"2":4,"3":4},"f":{},"b":{}}
,"/Users/roeybiton/Desktop/Advanced-Topics-in-Web-Applications-ex2/src/routes/auth.routes.ts": {"path":"/Users/roeybiton/Desktop/Advanced-Topics-in-Web-Applications-ex2/src/routes/auth.routes.ts","statementMap":{"0":{"start":{"line":1,"column":0},"end":{"line":1,"column":30}},"1":{"start":{"line":2,"column":0},"end":{"line":2,"column":65}},"2":{"start":{"line":4,"column":15},"end":{"line":4,"column":31}},"3":{"start":{"line":42,"column":0},"end":{"line":42,"column":50}},"4":{"start":{"line":70,"column":0},"end":{"line":70,"column":44}},"5":{"start":{"line":95,"column":0},"end":{"line":95,"column":46}},"6":{"start":{"line":120,"column":0},"end":{"line":120,"column":53}},"7":{"start":{"line":122,"column":0},"end":{"line":122,"column":22}}},"fnMap":{},"branchMap":{},"s":{"0":4,"1":4,"2":4,"3":4,"4":4,"5":4,"6":4,"7":4},"f":{},"b":{}}
,"/Users/roeybiton/Desktop/Advanced-Topics-in-Web-Applications-ex2/src/routes/comment.routes.ts": {"path":"/Users/roeybiton/Desktop/Advanced-Topics-in-Web-Applications-ex2/src/routes/comment.routes.ts","statementMap":{"0":{"start":{"line":1,"column":0},"end":{"line":1,"column":30}},"1":{"start":{"line":2,"column":0},"end":{"line":2,"column":71}},"2":{"start":{"line":3,"column":0},"end":{"line":3,"column":63}},"3":{"start":{"line":5,"column":15},"end":{"line":5,"column":31}},"4":{"start":{"line":30,"column":0},"end":{"line":30,"column":50}},"5":{"start":{"line":50,"column":0},"end":{"line":50,"column":53}},"6":{"start":{"line":68,"column":0},"end":{"line":68,"column":68}},"7":{"start":{"line":98,"column":0},"end":{"line":98,"column":66}},"8":{"start":{"line":129,"column":0},"end":{"line":129,"column":68}},"9":{"start":{"line":151,"column":0},"end":{"line":151,"column":71}},"10":{"start":{"line":153,"column":0},"end":{"line":153,"column":22}}},"fnMap":{},"branchMap":{},"s":{"0":4,"1":4,"2":4,"3":4,"4":4,"5":4,"6":4,"7":4,"8":4,"9":4,"10":4},"f":{},"b":{}}
,"/Users/roeybiton/Desktop/Advanced-Topics-in-Web-Applications-ex2/src/routes/post.routes.ts": {"path":"/Users/roeybiton/Desktop/Advanced-Topics-in-Web-Applications-ex2/src/routes/post.routes.ts","statementMap":{"0":{"start":{"line":1,"column":0},"end":{"line":1,"column":30}},"1":{"start":{"line":2,"column":0},"end":{"line":2,"column":65}},"2":{"start":{"line":3,"column":0},"end":{"line":3,"column":63}},"3":{"start":{"line":5,"column":15},"end":{"line":5,"column":31}},"4":{"start":{"line":32,"column":0},"end":{"line":32,"column":44}},"5":{"start":{"line":53,"column":0},"end":{"line":53,"column":47}},"6":{"start":{"line":83,"column":0},"end":{"line":83,"column":60}},"7":{"start":{"line":116,"column":0},"end":{"line":116,"column":62}},"8":{"start":{"line":138,"column":0},"end":{"line":138,"column":65}},"9":{"start":{"line":140,"column":0},"end":{"line":140,"column":22}}},"fnMap":{},"branchMap":{},"s":{"0":4,"1":4,"2":4,"3":4,"4":4,"5":4,"6":4,"7":4,"8":4,"9":4},"f":{},"b":{}}
,"/Users/roeybiton/Desktop/Advanced-Topics-in-Web-Applications-ex2/src/routes/user.routes.ts": {"path":"/Users/roeybiton/Desktop/Advanced-Topics-in-Web-Applications-ex2/src/routes/user.routes.ts","statementMap":{"0":{"start":{"line":1,"column":0},"end":{"line":1,"column":30}},"1":{"start":{"line":2,"column":0},"end":{"line":2,"column":65}},"2":{"start":{"line":3,"column":0},"end":{"line":3,"column":63}},"3":{"start":{"line":5,"column":15},"end":{"line":5,"column":31}},"4":{"start":{"line":24,"column":0},"end":{"line":24,"column":44}},"5":{"start":{"line":40,"column":0},"end":{"line":40,"column":66}},"6":{"start":{"line":60,"column":0},"end":{"line":60,"column":47}},"7":{"start":{"line":95,"column":0},"end":{"line":95,"column":62}},"8":{"start":{"line":119,"column":0},"end":{"line":119,"column":65}},"9":{"start":{"line":121,"column":0},"end":{"line":121,"column":22}}},"fnMap":{},"branchMap":{},"s":{"0":4,"1":4,"2":4,"3":4,"4":4,"5":4,"6":4,"7":4,"8":4,"9":4},"f":{},"b":{}}
}
