TN:
SF:src/app.ts
FN:62,(anonymous_1)
FN:76,(anonymous_2)
FNF:2
FNH:0
FNDA:0,(anonymous_1)
FNDA:0,(anonymous_2)
DA:1,4
DA:2,4
DA:3,4
DA:4,4
DA:5,4
DA:6,4
DA:7,4
DA:8,4
DA:9,4
DA:10,4
DA:13,4
DA:15,4
DA:18,4
DA:19,4
DA:22,4
DA:52,4
DA:53,4
DA:56,4
DA:57,4
DA:58,4
DA:59,4
DA:62,4
DA:63,0
DA:70,4
DA:71,0
DA:74,4
DA:75,0
DA:76,0
DA:77,0
DA:78,0
DA:82,4
LF:31
LH:25
BRDA:35,0,0,4
BRDA:35,0,1,0
BRDA:70,1,0,0
BRDA:74,2,0,0
BRDA:75,3,0,0
BRDA:75,3,1,0
BRF:6
BRH:1
end_of_record
TN:
SF:src/controllers/auth.controller.ts
FN:12,(anonymous_1)
FN:25,(anonymous_2)
FN:77,(anonymous_3)
FN:126,(anonymous_4)
FN:145,(anonymous_5)
FN:157,(anonymous_6)
FN:180,(anonymous_7)
FNF:7
FNH:7
FNDA:60,(anonymous_1)
FNDA:61,(anonymous_2)
FNDA:3,(anonymous_3)
FNDA:2,(anonymous_4)
FNDA:1,(anonymous_5)
FNDA:3,(anonymous_6)
FNDA:1,(anonymous_7)
DA:2,4
DA:3,4
DA:4,4
DA:6,4
DA:7,4
DA:8,4
DA:9,4
DA:12,4
DA:13,60
DA:16,60
DA:19,60
DA:25,4
DA:26,61
DA:27,61
DA:30,61
DA:31,1
DA:32,1
DA:36,60
DA:37,60
DA:38,2
DA:39,2
DA:43,58
DA:46,58
DA:53,58
DA:56,58
DA:57,58
DA:59,58
DA:70,0
DA:77,4
DA:78,3
DA:79,3
DA:82,3
DA:83,0
DA:84,0
DA:88,3
DA:89,3
DA:90,1
DA:91,1
DA:95,2
DA:96,2
DA:97,1
DA:98,1
DA:102,1
DA:105,1
DA:106,1
DA:108,1
DA:119,0
DA:126,4
DA:127,2
DA:128,2
DA:130,2
DA:131,0
DA:132,0
DA:136,2
DA:139,1
DA:140,1
DA:141,0
DA:142,0
DA:145,1
DA:146,1
DA:148,1
DA:150,1
DA:157,4
DA:158,3
DA:159,3
DA:161,3
DA:162,1
DA:163,1
DA:167,2
DA:170,1
DA:171,1
DA:172,0
DA:173,0
DA:177,1
DA:180,1
DA:181,1
DA:182,1
DA:184,1
DA:189,1
LF:79
LH:69
BRDA:6,0,0,4
BRDA:6,0,1,4
BRDA:7,1,0,4
BRDA:7,1,1,4
BRDA:30,2,0,1
BRDA:30,3,0,61
BRDA:30,3,1,61
BRDA:30,3,2,60
BRDA:37,4,0,2
BRDA:82,5,0,0
BRDA:82,6,0,3
BRDA:82,6,1,3
BRDA:89,7,0,1
BRDA:96,8,0,1
BRDA:130,9,0,0
BRDA:140,10,0,0
BRDA:161,11,0,1
BRDA:171,12,0,0
BRDA:171,13,0,1
BRDA:171,13,1,1
BRF:20
BRH:16
end_of_record
TN:
SF:src/controllers/comment.controller.ts
FN:5,(anonymous_1)
FN:20,(anonymous_2)
FN:30,(anonymous_3)
FN:56,(anonymous_4)
FN:74,(anonymous_5)
FN:90,(anonymous_6)
FNF:6
FNH:6
FNDA:2,(anonymous_1)
FNDA:2,(anonymous_2)
FNDA:15,(anonymous_3)
FNDA:3,(anonymous_4)
FNDA:3,(anonymous_5)
FNDA:2,(anonymous_6)
DA:2,4
DA:5,4
DA:6,2
DA:7,2
DA:8,2
DA:9,1
DA:11,2
DA:14,2
DA:16,0
DA:20,4
DA:21,2
DA:22,2
DA:24,2
DA:26,0
DA:30,4
DA:31,15
DA:32,15
DA:33,15
DA:35,15
DA:36,0
DA:37,0
DA:40,15
DA:46,14
DA:50,14
DA:52,1
DA:56,4
DA:57,3
DA:58,3
DA:64,3
DA:65,2
DA:66,2
DA:68,1
DA:70,0
DA:74,4
DA:75,3
DA:76,3
DA:80,2
DA:81,1
DA:82,1
DA:84,1
DA:86,1
DA:90,4
DA:91,2
DA:92,2
DA:93,2
DA:94,1
DA:95,1
DA:97,1
DA:99,0
LF:49
LH:43
BRDA:8,0,0,1
BRDA:35,1,0,0
BRDA:64,2,0,2
BRDA:80,3,0,1
BRDA:93,4,0,1
BRF:5
BRH:4
end_of_record
TN:
SF:src/controllers/post.controller.ts
FN:5,(anonymous_1)
FN:19,(anonymous_2)
FN:42,(anonymous_3)
FN:56,(anonymous_4)
FN:70,(anonymous_5)
FNF:5
FNH:5
FNDA:2,(anonymous_1)
FNDA:31,(anonymous_2)
FNDA:2,(anonymous_3)
FNDA:3,(anonymous_4)
FNDA:3,(anonymous_5)
DA:2,4
DA:5,4
DA:6,2
DA:7,2
DA:8,2
DA:9,2
DA:10,1
DA:12,2
DA:13,2
DA:15,0
DA:19,4
DA:20,31
DA:21,31
DA:22,31
DA:24,31
DA:25,0
DA:26,0
DA:29,31
DA:35,30
DA:36,30
DA:38,1
DA:42,4
DA:43,2
DA:44,2
DA:45,2
DA:46,2
DA:47,1
DA:48,1
DA:50,1
DA:52,0
DA:56,4
DA:57,3
DA:58,3
DA:59,3
DA:60,2
DA:61,1
DA:62,1
DA:64,1
DA:66,1
DA:70,4
DA:71,3
DA:72,3
DA:74,3
DA:75,3
DA:80,3
DA:81,2
DA:82,2
DA:84,1
DA:86,0
LF:49
LH:44
BRDA:9,0,0,1
BRDA:24,1,0,0
BRDA:46,2,0,1
BRDA:60,3,0,1
BRDA:80,4,0,2
BRF:5
BRH:4
end_of_record
TN:
SF:src/controllers/user.controller.ts
FN:8,(anonymous_1)
FN:20,(anonymous_2)
FN:36,(anonymous_3)
FN:67,(anonymous_4)
FN:92,(anonymous_5)
FNF:5
FNH:5
FNDA:1,(anonymous_1)
FNDA:3,(anonymous_2)
FNDA:3,(anonymous_3)
FNDA:3,(anonymous_4)
FNDA:1,(anonymous_5)
DA:2,4
DA:8,4
DA:9,1
DA:10,1
DA:11,1
DA:13,0
DA:20,4
DA:21,3
DA:22,3
DA:23,2
DA:24,1
DA:25,1
DA:27,1
DA:29,1
DA:36,4
DA:37,3
DA:38,3
DA:39,3
DA:42,3
DA:43,2
DA:44,2
DA:47,1
DA:53,1
DA:54,0
DA:55,0
DA:58,1
DA:60,0
DA:67,4
DA:68,3
DA:69,3
DA:72,3
DA:73,2
DA:74,2
DA:77,1
DA:78,1
DA:79,0
DA:80,0
DA:83,1
DA:85,0
DA:92,4
DA:93,1
DA:94,1
DA:95,1
DA:96,0
DA:97,0
DA:99,1
DA:101,0
LF:47
LH:37
BRDA:23,0,0,1
BRDA:42,1,0,2
BRDA:42,2,0,3
BRDA:42,2,1,3
BRDA:53,3,0,0
BRDA:72,4,0,2
BRDA:72,5,0,3
BRDA:72,5,1,3
BRDA:78,6,0,0
BRDA:95,7,0,0
BRF:10
BRH:7
end_of_record
TN:
SF:src/database/db.ts
FN:3,(anonymous_1)
FNF:1
FNH:0
FNDA:0,(anonymous_1)
DA:1,4
DA:3,4
DA:4,0
DA:5,0
DA:6,0
DA:7,0
DA:10,0
DA:11,0
DA:13,0
DA:14,0
DA:18,4
LF:11
LH:3
BRDA:5,0,0,0
BRDA:5,0,1,0
BRDA:6,1,0,0
BRF:3
BRH:0
end_of_record
TN:
SF:src/middleware/auth.middleware.ts
FN:13,(anonymous_1)
FNF:1
FNH:1
FNDA:72,(anonymous_1)
DA:2,4
DA:3,4
DA:5,4
DA:13,4
DA:18,72
DA:19,72
DA:21,72
DA:22,9
DA:23,9
DA:26,63
DA:29,63
DA:32,63
DA:33,63
DA:34,0
DA:35,0
DA:39,63
DA:40,63
DA:42,0
LF:18
LH:15
BRDA:5,0,0,4
BRDA:5,0,1,4
BRDA:21,1,0,9
BRDA:21,2,0,72
BRDA:21,2,1,63
BRDA:33,3,0,0
BRF:6
BRH:5
end_of_record
TN:
SF:src/models/comment.model.ts
FNF:0
FNH:0
DA:1,4
DA:11,4
DA:31,4
DA:33,4
LF:4
LH:4
BRF:0
BRH:0
end_of_record
TN:
SF:src/models/post.model.ts
FNF:0
FNH:0
DA:1,4
DA:9,4
DA:26,4
DA:28,4
LF:4
LH:4
BRF:0
BRH:0
end_of_record
TN:
SF:src/models/user.model.ts
FNF:0
FNH:0
DA:1,4
DA:11,4
DA:41,4
DA:43,4
LF:4
LH:4
BRF:0
BRH:0
end_of_record
TN:
SF:src/routes/auth.routes.ts
FNF:0
FNH:0
DA:1,4
DA:2,4
DA:4,4
DA:42,4
DA:70,4
DA:95,4
DA:120,4
DA:122,4
LF:8
LH:8
BRF:0
BRH:0
end_of_record
TN:
SF:src/routes/comment.routes.ts
FNF:0
FNH:0
DA:1,4
DA:2,4
DA:3,4
DA:5,4
DA:30,4
DA:50,4
DA:68,4
DA:98,4
DA:129,4
DA:151,4
DA:153,4
LF:11
LH:11
BRF:0
BRH:0
end_of_record
TN:
SF:src/routes/post.routes.ts
FNF:0
FNH:0
DA:1,4
DA:2,4
DA:3,4
DA:5,4
DA:32,4
DA:53,4
DA:83,4
DA:116,4
DA:138,4
DA:140,4
LF:10
LH:10
BRF:0
BRH:0
end_of_record
TN:
SF:src/routes/user.routes.ts
FNF:0
FNH:0
DA:1,4
DA:2,4
DA:3,4
DA:5,4
DA:24,4
DA:40,4
DA:60,4
DA:95,4
DA:119,4
DA:121,4
LF:10
LH:10
BRF:0
BRH:0
end_of_record
